9 |2024-04-17 23:38:37.6654 |DEBUG |Tasl1 |Task1.Pages.EmployeeNTier.ListModel.OnGet |Calling List on get method
9 |2024-04-17 23:38:37.7653 |DEBUG |Service Layer |ServiceLayer.EmployeeManager.GetAll |Fetching all record
9 |2024-04-17 23:38:37.8094 |DEBUG |Data Layer |DataLayer.EmployeeDB.GetAll |Fetching Record From DB
9 |2024-04-17 23:38:38.4619 |DEBUG |Data Layer |DataLayer.EmployeeDB.GetAll |Fetched Record From DB count - 11
9 |2024-04-17 23:38:38.4619 |DEBUG |Service Layer |ServiceLayer.EmployeeManager.GetAll |Fetched all record
9 |2024-04-17 23:38:38.4619 |DEBUG |Tasl1 |Task1.Pages.EmployeeNTier.ListModel.OnGet |List Page on get method completed
18 |2024-04-17 23:41:08.2769 |DEBUG |Service Layer |ServiceLayer.EmployeeManager.Add |Adding employee from serviec layer
18 |2024-04-17 23:41:08.4519 |DEBUG |Service Layer |ServiceLayer.EmployeeManager.Add |Added employee from serviec layer
14 |2024-04-17 23:41:08.5551 |DEBUG |Tasl1 |Task1.Pages.EmployeeNTier.ListModel.OnGet |Calling List on get method
14 |2024-04-17 23:41:08.5551 |DEBUG |Service Layer |ServiceLayer.EmployeeManager.GetAll |Fetching all record
14 |2024-04-17 23:41:08.5551 |DEBUG |Data Layer |DataLayer.EmployeeDB.GetAll |Fetching Record From DB
14 |2024-04-17 23:41:08.5551 |DEBUG |Data Layer |DataLayer.EmployeeDB.GetAll |Fetched Record From DB count - 12
14 |2024-04-17 23:41:08.5551 |DEBUG |Service Layer |ServiceLayer.EmployeeManager.GetAll |Fetched all record
14 |2024-04-17 23:41:08.5551 |DEBUG |Tasl1 |Task1.Pages.EmployeeNTier.ListModel.OnGet |List Page on get method completed
20 |2024-04-17 23:43:06.3066 |DEBUG |Tasl1 |Task1.Pages.EmployeeNTier.ListModel.OnGet |Calling List on get method
20 |2024-04-17 23:43:06.3066 |DEBUG |Service Layer |ServiceLayer.EmployeeManager.GetAll |Fetching all record
20 |2024-04-17 23:43:06.3066 |DEBUG |Data Layer |DataLayer.EmployeeDB.GetAll |Fetching Record From DB
20 |2024-04-17 23:43:06.4232 |DEBUG |Data Layer |DataLayer.EmployeeDB.GetAll |Fetched Record From DB count - 12
20 |2024-04-17 23:43:06.4232 |DEBUG |Service Layer |ServiceLayer.EmployeeManager.GetAll |Fetched all record
20 |2024-04-17 23:43:06.4232 |DEBUG |Tasl1 |Task1.Pages.EmployeeNTier.ListModel.OnGet |List Page on get method completed
25 |2024-04-17 23:43:08.0917 |DEBUG |Tasl1 |Task1.Pages.EmployeeNTier.ListModel.OnGet |Calling List on get method
25 |2024-04-17 23:43:08.0917 |DEBUG |Service Layer |ServiceLayer.EmployeeManager.GetAll |Fetching all record
25 |2024-04-17 23:43:08.0917 |DEBUG |Data Layer |DataLayer.EmployeeDB.GetAll |Fetching Record From DB
25 |2024-04-17 23:43:08.1773 |DEBUG |Data Layer |DataLayer.EmployeeDB.GetAll |Fetched Record From DB count - 12
25 |2024-04-17 23:43:08.1773 |DEBUG |Service Layer |ServiceLayer.EmployeeManager.GetAll |Fetched all record
25 |2024-04-17 23:43:08.1773 |DEBUG |Tasl1 |Task1.Pages.EmployeeNTier.ListModel.OnGet |List Page on get method completed
7 |2024-04-17 23:43:18.9944 |DEBUG |Tasl1 |Task1.Pages.EmployeeNTier.ListModel.OnGet |Calling List on get method
7 |2024-04-17 23:43:19.0060 |DEBUG |Service Layer |ServiceLayer.EmployeeManager.GetAll |Fetching all record
7 |2024-04-17 23:43:19.0060 |DEBUG |Data Layer |DataLayer.EmployeeDB.GetAll |Fetching Record From DB
7 |2024-04-17 23:43:19.2630 |DEBUG |Data Layer |DataLayer.EmployeeDB.GetAll |Fetched Record From DB count - 12
7 |2024-04-17 23:43:19.2630 |DEBUG |Service Layer |ServiceLayer.EmployeeManager.GetAll |Fetched all record
7 |2024-04-17 23:43:19.2630 |DEBUG |Tasl1 |Task1.Pages.EmployeeNTier.ListModel.OnGet |List Page on get method completed
12 |2024-04-17 23:57:56.2264 |DEBUG |Tasl1 |Task1.Pages.EmployeeNTier.ListModel.OnGet |Calling List on get method
12 |2024-04-17 23:57:56.3541 |DEBUG |Service Layer |ServiceLayer.EmployeeManager.GetAll |Fetching all record
12 |2024-04-17 23:57:56.3585 |DEBUG |Data Layer |DataLayer.EmployeeDB.GetAll |Fetching Record From DB
12 |2024-04-17 23:57:56.6655 |DEBUG |Data Layer |DataLayer.EmployeeDB.GetAll |Fetched Record From DB count - 12
12 |2024-04-17 23:57:56.6655 |DEBUG |Service Layer |ServiceLayer.EmployeeManager.GetAll |Fetched all record
12 |2024-04-17 23:57:56.6655 |DEBUG |Tasl1 |Task1.Pages.EmployeeNTier.ListModel.OnGet |List Page on get method completed
19 |2024-04-17 23:58:30.0490 |DEBUG |Tasl1 |Task1.Pages.EmployeeNTier.ListModel.OnGet |Calling List on get method
19 |2024-04-17 23:58:30.0490 |DEBUG |Service Layer |ServiceLayer.EmployeeManager.GetAll |Fetching all record
19 |2024-04-17 23:58:30.0490 |DEBUG |Data Layer |DataLayer.EmployeeDB.GetAll |Fetching Record From DB
19 |2024-04-17 23:58:30.0490 |DEBUG |Data Layer |DataLayer.EmployeeDB.GetAll |Fetched Record From DB count - 12
19 |2024-04-17 23:58:30.0490 |DEBUG |Service Layer |ServiceLayer.EmployeeManager.GetAll |Fetched all record
19 |2024-04-17 23:58:30.0490 |DEBUG |Tasl1 |Task1.Pages.EmployeeNTier.ListModel.OnGet |List Page on get method completed
20 |2024-04-17 23:58:40.1962 |DEBUG |Tasl1 |Task1.Pages.EmployeeNTier.ListModel.OnGet |Calling List on get method
20 |2024-04-17 23:58:40.1962 |DEBUG |Service Layer |ServiceLayer.EmployeeManager.GetAll |Fetching all record
20 |2024-04-17 23:58:40.1962 |DEBUG |Data Layer |DataLayer.EmployeeDB.GetAll |Fetching Record From DB
20 |2024-04-17 23:58:40.2032 |DEBUG |Data Layer |DataLayer.EmployeeDB.GetAll |Fetched Record From DB count - 12
20 |2024-04-17 23:58:40.2032 |DEBUG |Service Layer |ServiceLayer.EmployeeManager.GetAll |Fetched all record
20 |2024-04-17 23:58:40.2032 |DEBUG |Tasl1 |Task1.Pages.EmployeeNTier.ListModel.OnGet |List Page on get method completed
7 |2024-04-17 23:58:46.9176 |DEBUG |Tasl1 |Task1.Pages.EmployeeNTier.ListModel.OnGetDelete |Calling List on Get By Delete:13 method
7 |2024-04-17 23:58:47.0110 |DEBUG |Tasl1 |Task1.Pages.EmployeeNTier.ListModel.OnGetDelete |Called List on Get By Delete:13 method
20 |2024-04-17 23:58:47.0258 |DEBUG |Tasl1 |Task1.Pages.EmployeeNTier.ListModel.OnGet |Calling List on get method
20 |2024-04-17 23:58:47.0258 |DEBUG |Service Layer |ServiceLayer.EmployeeManager.GetAll |Fetching all record
20 |2024-04-17 23:58:47.0258 |DEBUG |Data Layer |DataLayer.EmployeeDB.GetAll |Fetching Record From DB
20 |2024-04-17 23:58:47.0258 |DEBUG |Data Layer |DataLayer.EmployeeDB.GetAll |Fetched Record From DB count - 11
20 |2024-04-17 23:58:47.0258 |DEBUG |Service Layer |ServiceLayer.EmployeeManager.GetAll |Fetched all record
20 |2024-04-17 23:58:47.0258 |DEBUG |Tasl1 |Task1.Pages.EmployeeNTier.ListModel.OnGet |List Page on get method completed
7 |2024-04-17 23:59:23.4846 |DEBUG |Service Layer |ServiceLayer.EmployeeManager.Add |Adding employee from serviec layer
7 |2024-04-17 23:59:23.6309 |DEBUG |Service Layer |ServiceLayer.EmployeeManager.Add |Added employee from serviec layer
9 |2024-04-17 23:59:23.7147 |DEBUG |Tasl1 |Task1.Pages.EmployeeNTier.ListModel.OnGet |Calling List on get method
9 |2024-04-17 23:59:23.7147 |DEBUG |Service Layer |ServiceLayer.EmployeeManager.GetAll |Fetching all record
9 |2024-04-17 23:59:23.7147 |DEBUG |Data Layer |DataLayer.EmployeeDB.GetAll |Fetching Record From DB
9 |2024-04-17 23:59:23.7205 |DEBUG |Data Layer |DataLayer.EmployeeDB.GetAll |Fetched Record From DB count - 12
9 |2024-04-17 23:59:23.7205 |DEBUG |Service Layer |ServiceLayer.EmployeeManager.GetAll |Fetched all record
9 |2024-04-17 23:59:23.7205 |DEBUG |Tasl1 |Task1.Pages.EmployeeNTier.ListModel.OnGet |List Page on get method completed
25 |2024-04-17 23:59:41.4060 |DEBUG |Tasl1 |Task1.Pages.EmployeeNTier.ListModel.OnGet |Calling List on get method
25 |2024-04-17 23:59:41.4060 |DEBUG |Service Layer |ServiceLayer.EmployeeManager.GetAll |Fetching all record
25 |2024-04-17 23:59:41.4060 |DEBUG |Data Layer |DataLayer.EmployeeDB.GetAll |Fetching Record From DB
25 |2024-04-17 23:59:41.4135 |DEBUG |Data Layer |DataLayer.EmployeeDB.GetAll |Fetched Record From DB count - 12
25 |2024-04-17 23:59:41.4135 |DEBUG |Service Layer |ServiceLayer.EmployeeManager.GetAll |Fetched all record
25 |2024-04-17 23:59:41.4135 |DEBUG |Tasl1 |Task1.Pages.EmployeeNTier.ListModel.OnGet |List Page on get method completed
12 |2024-04-18 00:10:41.5137 |DEBUG |Tasl1 |Task1.Pages.EmployeeNTier.ListModel.OnGet |Calling List on get method
12 |2024-04-18 00:10:41.5251 |DEBUG |Service Layer |ServiceLayer.EmployeeManager.GetAll |Fetching all record
12 |2024-04-18 00:10:41.5251 |DEBUG |Data Layer |DataLayer.EmployeeDB.GetAll |Fetching Record From DB
12 |2024-04-18 00:10:41.8319 |DEBUG |Data Layer |DataLayer.EmployeeDB.GetAll |Fetched Record From DB count - 12
12 |2024-04-18 00:10:41.8319 |DEBUG |Service Layer |ServiceLayer.EmployeeManager.GetAll |Fetched all record
12 |2024-04-18 00:10:41.8319 |DEBUG |Tasl1 |Task1.Pages.EmployeeNTier.ListModel.OnGet |List Page on get method completed
6 |2024-04-18 00:11:06.1398 |DEBUG |Tasl1 |Task1.Pages.EmployeeNTier.ListModel.OnGet |Calling List on get method
6 |2024-04-18 00:11:06.1398 |DEBUG |Service Layer |ServiceLayer.EmployeeManager.GetAll |Fetching all record
6 |2024-04-18 00:11:06.1398 |DEBUG |Data Layer |DataLayer.EmployeeDB.GetAll |Fetching Record From DB
6 |2024-04-18 00:11:06.3216 |DEBUG |Data Layer |DataLayer.EmployeeDB.GetAll |Fetched Record From DB count - 12
6 |2024-04-18 00:11:06.3216 |DEBUG |Service Layer |ServiceLayer.EmployeeManager.GetAll |Fetched all record
6 |2024-04-18 00:11:06.3216 |DEBUG |Tasl1 |Task1.Pages.EmployeeNTier.ListModel.OnGet |List Page on get method completed
12 |2024-04-18 00:12:01.4308 |DEBUG |Tasl1 |Task1.Pages.EmployeeNTier.ListModel.OnGet |Calling List on get method
12 |2024-04-18 00:12:01.4530 |DEBUG |Service Layer |ServiceLayer.EmployeeManager.GetAll |Fetching all record
12 |2024-04-18 00:12:01.4530 |DEBUG |Data Layer |DataLayer.EmployeeDB.GetAll |Fetching Record From DB
12 |2024-04-18 00:12:01.7676 |DEBUG |Data Layer |DataLayer.EmployeeDB.GetAll |Fetched Record From DB count - 12
12 |2024-04-18 00:12:01.7676 |DEBUG |Service Layer |ServiceLayer.EmployeeManager.GetAll |Fetched all record
12 |2024-04-18 00:12:01.7676 |DEBUG |Tasl1 |Task1.Pages.EmployeeNTier.ListModel.OnGet |List Page on get method completed
12 |2024-04-18 00:12:08.8018 |DEBUG |Tasl1 |Task1.Pages.EmployeeNTier.ListModel.OnGet |Calling List on get method
12 |2024-04-18 00:12:08.8018 |DEBUG |Service Layer |ServiceLayer.EmployeeManager.GetAll |Fetching all record
12 |2024-04-18 00:12:08.8018 |DEBUG |Data Layer |DataLayer.EmployeeDB.GetAll |Fetching Record From DB
12 |2024-04-18 00:12:08.9673 |DEBUG |Data Layer |DataLayer.EmployeeDB.GetAll |Fetched Record From DB count - 12
12 |2024-04-18 00:12:08.9673 |DEBUG |Service Layer |ServiceLayer.EmployeeManager.GetAll |Fetched all record
12 |2024-04-18 00:12:08.9673 |DEBUG |Tasl1 |Task1.Pages.EmployeeNTier.ListModel.OnGet |List Page on get method completed
4 |2024-04-18 00:15:46.2316 |DEBUG |Tasl1 |Task1.Pages.EmployeeNTier.ListModel.OnGet |Calling List on get method
4 |2024-04-18 00:15:46.2411 |DEBUG |Service Layer |ServiceLayer.EmployeeManager.GetAll |Fetching all record
4 |2024-04-18 00:15:46.2411 |DEBUG |Data Layer |DataLayer.EmployeeDB.GetAll |Fetching Record From DB
4 |2024-04-18 00:15:46.5368 |DEBUG |Data Layer |DataLayer.EmployeeDB.GetAll |Fetched Record From DB count - 12
4 |2024-04-18 00:15:46.5368 |DEBUG |Service Layer |ServiceLayer.EmployeeManager.GetAll |Fetched all record
4 |2024-04-18 00:15:46.5368 |DEBUG |Tasl1 |Task1.Pages.EmployeeNTier.ListModel.OnGet |List Page on get method completed
6 |2024-04-18 00:16:32.4176 |DEBUG |Tasl1 |Task1.Pages.EmployeeNTier.ListModel.OnGet |Calling List on get method
6 |2024-04-18 00:16:32.4417 |DEBUG |Service Layer |ServiceLayer.EmployeeManager.GetAll |Fetching all record
6 |2024-04-18 00:16:32.4417 |DEBUG |Data Layer |DataLayer.EmployeeDB.GetAll |Fetching Record From DB
6 |2024-04-18 00:16:32.8200 |DEBUG |Data Layer |DataLayer.EmployeeDB.GetAll |Fetched Record From DB count - 12
6 |2024-04-18 00:16:32.8200 |DEBUG |Service Layer |ServiceLayer.EmployeeManager.GetAll |Fetched all record
6 |2024-04-18 00:16:32.8200 |DEBUG |Tasl1 |Task1.Pages.EmployeeNTier.ListModel.OnGet |List Page on get method completed
12 |2024-04-18 00:18:21.7373 |DEBUG |Tasl1 |Task1.Pages.EmployeeNTier.ListModel.OnGet |Calling List on get method
12 |2024-04-18 00:18:21.7610 |DEBUG |Service Layer |ServiceLayer.EmployeeManager.GetAll |Fetching all record
12 |2024-04-18 00:18:21.8020 |DEBUG |Data Layer |DataLayer.EmployeeDB.GetAll |Fetching Record From DB
12 |2024-04-18 00:18:22.0332 |DEBUG |Data Layer |DataLayer.EmployeeDB.GetAll |Fetched Record From DB count - 12
12 |2024-04-18 00:18:22.0332 |DEBUG |Service Layer |ServiceLayer.EmployeeManager.GetAll |Fetched all record
12 |2024-04-18 00:18:22.0332 |DEBUG |Tasl1 |Task1.Pages.EmployeeNTier.ListModel.OnGet |List Page on get method completed
6 |2024-04-18 00:18:55.8856 |DEBUG |Tasl1 |Task1.Pages.EmployeeNTier.ListModel.OnGet |Calling List on get method
6 |2024-04-18 00:18:55.9019 |DEBUG |Service Layer |ServiceLayer.EmployeeManager.GetAll |Fetching all record
6 |2024-04-18 00:18:55.9050 |DEBUG |Data Layer |DataLayer.EmployeeDB.GetAll |Fetching Record From DB
6 |2024-04-18 00:18:56.1840 |DEBUG |Data Layer |DataLayer.EmployeeDB.GetAll |Fetched Record From DB count - 12
6 |2024-04-18 00:18:56.1840 |DEBUG |Service Layer |ServiceLayer.EmployeeManager.GetAll |Fetched all record
6 |2024-04-18 00:18:56.1840 |DEBUG |Tasl1 |Task1.Pages.EmployeeNTier.ListModel.OnGet |List Page on get method completed
14 |2024-04-18 00:19:16.5884 |DEBUG |Tasl1 |Task1.Pages.EmployeeNTier.ListModel.OnGet |Calling List on get method
14 |2024-04-18 00:19:16.5884 |DEBUG |Service Layer |ServiceLayer.EmployeeManager.GetAll |Fetching all record
14 |2024-04-18 00:19:16.5884 |DEBUG |Data Layer |DataLayer.EmployeeDB.GetAll |Fetching Record From DB
14 |2024-04-18 00:19:16.5988 |DEBUG |Data Layer |DataLayer.EmployeeDB.GetAll |Fetched Record From DB count - 12
14 |2024-04-18 00:19:16.5988 |DEBUG |Service Layer |ServiceLayer.EmployeeManager.GetAll |Fetched all record
14 |2024-04-18 00:19:16.5988 |DEBUG |Tasl1 |Task1.Pages.EmployeeNTier.ListModel.OnGet |List Page on get method completed
6 |2024-04-18 00:21:12.0937 |DEBUG |Tasl1 |Task1.Pages.EmployeeNTier.ListModel.OnGet |Calling List on get method
6 |2024-04-18 00:21:12.0937 |DEBUG |Service Layer |ServiceLayer.EmployeeManager.GetAll |Fetching all record
6 |2024-04-18 00:21:12.1048 |DEBUG |Data Layer |DataLayer.EmployeeDB.GetAll |Fetching Record From DB
6 |2024-04-18 00:21:12.3174 |DEBUG |Data Layer |DataLayer.EmployeeDB.GetAll |Fetched Record From DB count - 12
6 |2024-04-18 00:21:12.3174 |DEBUG |Service Layer |ServiceLayer.EmployeeManager.GetAll |Fetched all record
6 |2024-04-18 00:21:12.3174 |DEBUG |Tasl1 |Task1.Pages.EmployeeNTier.ListModel.OnGet |List Page on get method completed
18 |2024-04-18 00:21:52.2785 |DEBUG |Tasl1 |Task1.Pages.EmployeeNTier.ListModel.OnGetDelete |Calling List on Get By Delete:19 method
18 |2024-04-18 00:21:52.4589 |DEBUG |Tasl1 |Task1.Pages.EmployeeNTier.ListModel.OnGetDelete |Called List on Get By Delete:19 method
18 |2024-04-18 00:21:52.4792 |DEBUG |Tasl1 |Task1.Pages.EmployeeNTier.ListModel.OnGet |Calling List on get method
18 |2024-04-18 00:21:52.4792 |DEBUG |Service Layer |ServiceLayer.EmployeeManager.GetAll |Fetching all record
18 |2024-04-18 00:21:52.4811 |DEBUG |Data Layer |DataLayer.EmployeeDB.GetAll |Fetching Record From DB
18 |2024-04-18 00:21:52.4811 |DEBUG |Data Layer |DataLayer.EmployeeDB.GetAll |Fetched Record From DB count - 11
18 |2024-04-18 00:21:52.4811 |DEBUG |Service Layer |ServiceLayer.EmployeeManager.GetAll |Fetched all record
18 |2024-04-18 00:21:52.4811 |DEBUG |Tasl1 |Task1.Pages.EmployeeNTier.ListModel.OnGet |List Page on get method completed
21 |2024-04-18 00:22:01.1051 |DEBUG |Tasl1 |Task1.Pages.EmployeeNTier.ListModel.OnGetDelete |Calling List on Get By Delete:16 method
21 |2024-04-18 00:22:01.3028 |DEBUG |Tasl1 |Task1.Pages.EmployeeNTier.ListModel.OnGetDelete |Called List on Get By Delete:16 method
19 |2024-04-18 00:22:01.3028 |DEBUG |Tasl1 |Task1.Pages.EmployeeNTier.ListModel.OnGet |Calling List on get method
19 |2024-04-18 00:22:01.3167 |DEBUG |Service Layer |ServiceLayer.EmployeeManager.GetAll |Fetching all record
19 |2024-04-18 00:22:01.3167 |DEBUG |Data Layer |DataLayer.EmployeeDB.GetAll |Fetching Record From DB
19 |2024-04-18 00:22:01.3167 |DEBUG |Data Layer |DataLayer.EmployeeDB.GetAll |Fetched Record From DB count - 10
19 |2024-04-18 00:22:01.3167 |DEBUG |Service Layer |ServiceLayer.EmployeeManager.GetAll |Fetched all record
19 |2024-04-18 00:22:01.3167 |DEBUG |Tasl1 |Task1.Pages.EmployeeNTier.ListModel.OnGet |List Page on get method completed
7 |2024-04-18 00:25:16.3641 |DEBUG |Tasl1 |Task1.Pages.EmployeeNTier.ListModel.OnGet |Calling List on get method
7 |2024-04-18 00:25:16.3641 |DEBUG |Service Layer |ServiceLayer.EmployeeManager.GetAll |Fetching all record
7 |2024-04-18 00:25:16.3808 |DEBUG |Data Layer |DataLayer.EmployeeDB.GetAll |Fetching Record From DB
7 |2024-04-18 00:25:16.7612 |DEBUG |Data Layer |DataLayer.EmployeeDB.GetAll |Fetched Record From DB count - 10
7 |2024-04-18 00:25:16.7612 |DEBUG |Service Layer |ServiceLayer.EmployeeManager.GetAll |Fetched all record
7 |2024-04-18 00:25:16.7612 |DEBUG |Tasl1 |Task1.Pages.EmployeeNTier.ListModel.OnGet |List Page on get method completed
4 |2024-04-18 00:25:27.9179 |DEBUG |Tasl1 |Task1.Pages.EmployeeNTier.ListModel.OnGetDelete |Calling List on Get By Delete:5 method
4 |2024-04-18 00:25:28.0535 |DEBUG |Tasl1 |Task1.Pages.EmployeeNTier.ListModel.OnGetDelete |Called List on Get By Delete:5 method
7 |2024-04-18 00:25:28.0738 |DEBUG |Tasl1 |Task1.Pages.EmployeeNTier.ListModel.OnGet |Calling List on get method
7 |2024-04-18 00:25:28.0738 |DEBUG |Service Layer |ServiceLayer.EmployeeManager.GetAll |Fetching all record
7 |2024-04-18 00:25:28.0738 |DEBUG |Data Layer |DataLayer.EmployeeDB.GetAll |Fetching Record From DB
7 |2024-04-18 00:25:28.0738 |DEBUG |Data Layer |DataLayer.EmployeeDB.GetAll |Fetched Record From DB count - 9
7 |2024-04-18 00:25:28.0738 |DEBUG |Service Layer |ServiceLayer.EmployeeManager.GetAll |Fetched all record
7 |2024-04-18 00:25:28.0738 |DEBUG |Tasl1 |Task1.Pages.EmployeeNTier.ListModel.OnGet |List Page on get method completed
13 |2024-04-18 00:25:37.4964 |DEBUG |Tasl1 |Task1.Pages.EmployeeNTier.ListModel.OnGet |Calling List on get method
13 |2024-04-18 00:25:37.4964 |DEBUG |Service Layer |ServiceLayer.EmployeeManager.GetAll |Fetching all record
13 |2024-04-18 00:25:37.4964 |DEBUG |Data Layer |DataLayer.EmployeeDB.GetAll |Fetching Record From DB
13 |2024-04-18 00:25:37.4964 |DEBUG |Data Layer |DataLayer.EmployeeDB.GetAll |Fetched Record From DB count - 9
13 |2024-04-18 00:25:37.4964 |DEBUG |Service Layer |ServiceLayer.EmployeeManager.GetAll |Fetched all record
13 |2024-04-18 00:25:37.4964 |DEBUG |Tasl1 |Task1.Pages.EmployeeNTier.ListModel.OnGet |List Page on get method completed
10 |2024-04-18 00:25:53.0316 |DEBUG |Tasl1 |Task1.Pages.EmployeeNTier.ListModel.OnGetDelete |Calling List on Get By Delete:11 method
10 |2024-04-18 00:25:53.1447 |DEBUG |Tasl1 |Task1.Pages.EmployeeNTier.ListModel.OnGetDelete |Called List on Get By Delete:11 method
7 |2024-04-18 00:25:53.1630 |DEBUG |Tasl1 |Task1.Pages.EmployeeNTier.ListModel.OnGet |Calling List on get method
7 |2024-04-18 00:25:53.1630 |DEBUG |Service Layer |ServiceLayer.EmployeeManager.GetAll |Fetching all record
7 |2024-04-18 00:25:53.1630 |DEBUG |Data Layer |DataLayer.EmployeeDB.GetAll |Fetching Record From DB
7 |2024-04-18 00:25:53.1630 |DEBUG |Data Layer |DataLayer.EmployeeDB.GetAll |Fetched Record From DB count - 8
7 |2024-04-18 00:25:53.1630 |DEBUG |Service Layer |ServiceLayer.EmployeeManager.GetAll |Fetched all record
7 |2024-04-18 00:25:53.1630 |DEBUG |Tasl1 |Task1.Pages.EmployeeNTier.ListModel.OnGet |List Page on get method completed
14 |2024-04-18 00:27:56.1986 |DEBUG |Tasl1 |Task1.Pages.EmployeeNTier.ListModel.OnGet |Calling List on get method
14 |2024-04-18 00:27:56.2124 |DEBUG |Service Layer |ServiceLayer.EmployeeManager.GetAll |Fetching all record
14 |2024-04-18 00:27:56.2124 |DEBUG |Data Layer |DataLayer.EmployeeDB.GetAll |Fetching Record From DB
14 |2024-04-18 00:27:56.4900 |DEBUG |Data Layer |DataLayer.EmployeeDB.GetAll |Fetched Record From DB count - 8
14 |2024-04-18 00:27:56.4900 |DEBUG |Service Layer |ServiceLayer.EmployeeManager.GetAll |Fetched all record
14 |2024-04-18 00:27:56.4900 |DEBUG |Tasl1 |Task1.Pages.EmployeeNTier.ListModel.OnGet |List Page on get method completed
9 |2024-04-18 00:28:34.8887 |DEBUG |Tasl1 |Task1.Pages.EmployeeNTier.ListModel.OnGet |Calling List on get method
9 |2024-04-18 00:28:34.9089 |DEBUG |Service Layer |ServiceLayer.EmployeeManager.GetAll |Fetching all record
9 |2024-04-18 00:28:34.9089 |DEBUG |Data Layer |DataLayer.EmployeeDB.GetAll |Fetching Record From DB
9 |2024-04-18 00:28:35.3049 |DEBUG |Data Layer |DataLayer.EmployeeDB.GetAll |Fetched Record From DB count - 8
9 |2024-04-18 00:28:35.3049 |DEBUG |Service Layer |ServiceLayer.EmployeeManager.GetAll |Fetched all record
9 |2024-04-18 00:28:35.3049 |DEBUG |Tasl1 |Task1.Pages.EmployeeNTier.ListModel.OnGet |List Page on get method completed
19 |2024-04-18 00:29:02.8659 |DEBUG |Tasl1 |Task1.Pages.EmployeeNTier.ListModel.OnGetDelete |Calling List on Get By Delete:21 method
19 |2024-04-18 00:29:03.0541 |DEBUG |Tasl1 |Task1.Pages.EmployeeNTier.ListModel.OnGetDelete |Called List on Get By Delete:21 method
19 |2024-04-18 00:29:03.0765 |DEBUG |Tasl1 |Task1.Pages.EmployeeNTier.ListModel.OnGet |Calling List on get method
19 |2024-04-18 00:29:03.0765 |DEBUG |Service Layer |ServiceLayer.EmployeeManager.GetAll |Fetching all record
19 |2024-04-18 00:29:03.0800 |DEBUG |Data Layer |DataLayer.EmployeeDB.GetAll |Fetching Record From DB
19 |2024-04-18 00:29:03.0946 |DEBUG |Data Layer |DataLayer.EmployeeDB.GetAll |Fetched Record From DB count - 7
19 |2024-04-18 00:29:03.0946 |DEBUG |Service Layer |ServiceLayer.EmployeeManager.GetAll |Fetched all record
19 |2024-04-18 00:29:03.0946 |DEBUG |Tasl1 |Task1.Pages.EmployeeNTier.ListModel.OnGet |List Page on get method completed
