9 |2024-04-19 12:47:23.4426 |DEBUG |Tasl1 |Task1.Pages.EmployeeNTier.ListModel.OnGet |Calling List on get method
9 |2024-04-19 12:47:23.5183 |DEBUG |Service Layer |ServiceLayer.EmployeeManager.GetAll |Fetching all record
9 |2024-04-19 12:47:23.5183 |DEBUG |Data Layer |DataLayer.EmployeeDB.GetAll |Fetching Record From DB
9 |2024-04-19 12:47:23.5637 |DEBUG |Data Layer |DataLayer.EmployeeDB.GetAll |Fetched Record From DB count - 2
9 |2024-04-19 12:47:23.5637 |DEBUG |Service Layer |ServiceLayer.EmployeeManager.GetAll |Fetched all record
9 |2024-04-19 12:47:23.5637 |DEBUG |Tasl1 |Task1.Pages.EmployeeNTier.ListModel.OnGet |List Page on get method completed
7 |2024-04-19 12:59:50.0676 |DEBUG |Tasl1 |Task1.Pages.FinalList.ListModel.OnGet |Calling List on get method
7 |2024-04-19 12:59:50.0856 |DEBUG |Service Layer |ServiceLayer.EmployeeManager.GetAll |Fetching all record
7 |2024-04-19 12:59:50.0856 |DEBUG |Data Layer |DataLayer.EmployeeDB.GetAll |Fetching Record From DB
7 |2024-04-19 12:59:50.1537 |DEBUG |Data Layer |DataLayer.EmployeeDB.GetAll |Fetched Record From DB count - 2
7 |2024-04-19 12:59:50.1537 |DEBUG |Service Layer |ServiceLayer.EmployeeManager.GetAll |Fetched all record
7 |2024-04-19 12:59:50.1537 |DEBUG |Tasl1 |Task1.Pages.FinalList.ListModel.OnGet |List Page on get method completed
7 |2024-04-19 12:59:56.5677 |DEBUG |Data Layer |DataLayer.DepartmentDB.GetAll |Fetching Record From DB
7 |2024-04-19 12:59:56.6481 |DEBUG |Data Layer |DataLayer.DepartmentDB.GetAll |Fetched Record From DB count - 4
9 |2024-04-19 13:00:08.0629 |DEBUG |Tasl1 |Task1.Pages.EmployeeNTier.ListModel.OnGet |Calling List on get method
9 |2024-04-19 13:00:08.0629 |DEBUG |Service Layer |ServiceLayer.EmployeeManager.GetAll |Fetching all record
9 |2024-04-19 13:00:08.0629 |DEBUG |Data Layer |DataLayer.EmployeeDB.GetAll |Fetching Record From DB
9 |2024-04-19 13:00:08.0629 |DEBUG |Data Layer |DataLayer.EmployeeDB.GetAll |Fetched Record From DB count - 2
9 |2024-04-19 13:00:08.0629 |DEBUG |Service Layer |ServiceLayer.EmployeeManager.GetAll |Fetched all record
9 |2024-04-19 13:00:08.0629 |DEBUG |Tasl1 |Task1.Pages.EmployeeNTier.ListModel.OnGet |List Page on get method completed
22 |2024-04-19 13:00:47.1893 |DEBUG |Tasl1 |Task1.Pages.FinalList.ListModel.OnGet |Calling List on get method
22 |2024-04-19 13:00:47.1893 |DEBUG |Service Layer |ServiceLayer.EmployeeManager.GetAll |Fetching all record
22 |2024-04-19 13:00:47.1893 |DEBUG |Data Layer |DataLayer.EmployeeDB.GetAll |Fetching Record From DB
22 |2024-04-19 13:00:47.2265 |DEBUG |Data Layer |DataLayer.EmployeeDB.GetAll |Fetched Record From DB count - 2
22 |2024-04-19 13:00:47.2265 |DEBUG |Service Layer |ServiceLayer.EmployeeManager.GetAll |Fetched all record
22 |2024-04-19 13:00:47.2265 |DEBUG |Tasl1 |Task1.Pages.FinalList.ListModel.OnGet |List Page on get method completed
12 |2024-04-19 13:03:51.0032 |DEBUG |Tasl1 |Task1.Pages.FinalList.ListModel.OnGet |Calling List on get method
12 |2024-04-19 13:03:51.0145 |DEBUG |Service Layer |ServiceLayer.EmployeeManager.GetAll |Fetching all record
12 |2024-04-19 13:03:51.0145 |DEBUG |Data Layer |DataLayer.EmployeeDB.GetAll |Fetching Record From DB
12 |2024-04-19 13:03:51.1758 |DEBUG |Data Layer |DataLayer.EmployeeDB.GetAll |Fetched Record From DB count - 2
12 |2024-04-19 13:03:51.1758 |DEBUG |Service Layer |ServiceLayer.EmployeeManager.GetAll |Fetched all record
12 |2024-04-19 13:03:51.1758 |DEBUG |Tasl1 |Task1.Pages.FinalList.ListModel.OnGet |List Page on get method completed
4 |2024-04-19 13:04:01.8393 |DEBUG |Data Layer |DataLayer.DepartmentDB.GetAll |Fetching Record From DB
4 |2024-04-19 13:04:01.8915 |DEBUG |Data Layer |DataLayer.DepartmentDB.GetAll |Fetched Record From DB count - 4
15 |2024-04-19 13:04:06.7278 |DEBUG |Tasl1 |Task1.Pages.EmployeeNTier.ListModel.OnGet |Calling List on get method
15 |2024-04-19 13:04:06.7278 |DEBUG |Service Layer |ServiceLayer.EmployeeManager.GetAll |Fetching all record
15 |2024-04-19 13:04:06.7278 |DEBUG |Data Layer |DataLayer.EmployeeDB.GetAll |Fetching Record From DB
15 |2024-04-19 13:04:06.7278 |DEBUG |Data Layer |DataLayer.EmployeeDB.GetAll |Fetched Record From DB count - 2
15 |2024-04-19 13:04:06.7278 |DEBUG |Service Layer |ServiceLayer.EmployeeManager.GetAll |Fetched all record
15 |2024-04-19 13:04:06.7461 |DEBUG |Tasl1 |Task1.Pages.EmployeeNTier.ListModel.OnGet |List Page on get method completed
23 |2024-04-19 13:05:04.8879 |DEBUG |Tasl1 |Task1.Pages.FinalList.ListModel.OnGet |Calling List on get method
23 |2024-04-19 13:05:04.8879 |DEBUG |Service Layer |ServiceLayer.EmployeeManager.GetAll |Fetching all record
23 |2024-04-19 13:05:04.8879 |DEBUG |Data Layer |DataLayer.EmployeeDB.GetAll |Fetching Record From DB
23 |2024-04-19 13:05:04.9277 |DEBUG |Data Layer |DataLayer.EmployeeDB.GetAll |Fetched Record From DB count - 2
23 |2024-04-19 13:05:04.9277 |DEBUG |Service Layer |ServiceLayer.EmployeeManager.GetAll |Fetched all record
23 |2024-04-19 13:05:04.9277 |DEBUG |Tasl1 |Task1.Pages.FinalList.ListModel.OnGet |List Page on get method completed
23 |2024-04-19 13:05:09.0537 |DEBUG |Data Layer |DataLayer.DepartmentDB.GetAll |Fetching Record From DB
23 |2024-04-19 13:05:09.0803 |DEBUG |Data Layer |DataLayer.DepartmentDB.GetAll |Fetched Record From DB count - 4
24 |2024-04-19 13:05:18.6884 |DEBUG |Tasl1 |Task1.Pages.EmployeeNTier.ListModel.OnGet |Calling List on get method
24 |2024-04-19 13:05:18.6888 |DEBUG |Service Layer |ServiceLayer.EmployeeManager.GetAll |Fetching all record
24 |2024-04-19 13:05:18.6888 |DEBUG |Data Layer |DataLayer.EmployeeDB.GetAll |Fetching Record From DB
24 |2024-04-19 13:05:18.6888 |DEBUG |Data Layer |DataLayer.EmployeeDB.GetAll |Fetched Record From DB count - 2
24 |2024-04-19 13:05:18.6888 |DEBUG |Service Layer |ServiceLayer.EmployeeManager.GetAll |Fetched all record
24 |2024-04-19 13:05:18.6888 |DEBUG |Tasl1 |Task1.Pages.EmployeeNTier.ListModel.OnGet |List Page on get method completed
18 |2024-04-19 13:07:30.5445 |DEBUG |Tasl1 |Task1.Pages.EmployeeNTier.ListModel.OnGet |Calling List on get method
18 |2024-04-19 13:07:30.5445 |DEBUG |Service Layer |ServiceLayer.EmployeeManager.GetAll |Fetching all record
18 |2024-04-19 13:07:30.5445 |DEBUG |Data Layer |DataLayer.EmployeeDB.GetAll |Fetching Record From DB
18 |2024-04-19 13:07:30.5763 |DEBUG |Data Layer |DataLayer.EmployeeDB.GetAll |Fetched Record From DB count - 2
18 |2024-04-19 13:07:30.5763 |DEBUG |Service Layer |ServiceLayer.EmployeeManager.GetAll |Fetched all record
18 |2024-04-19 13:07:30.5763 |DEBUG |Tasl1 |Task1.Pages.EmployeeNTier.ListModel.OnGet |List Page on get method completed
6 |2024-04-19 13:12:16.7875 |DEBUG |Tasl1 |Task1.Pages.EmployeeNTier.ListModel.OnGet |Calling List on get method
6 |2024-04-19 13:12:16.7875 |DEBUG |Service Layer |ServiceLayer.EmployeeManager.GetAll |Fetching all record
6 |2024-04-19 13:12:16.7875 |DEBUG |Data Layer |DataLayer.EmployeeDB.GetAll |Fetching Record From DB
6 |2024-04-19 13:12:16.9503 |DEBUG |Data Layer |DataLayer.EmployeeDB.GetAll |Fetched Record From DB count - 2
6 |2024-04-19 13:12:16.9503 |DEBUG |Service Layer |ServiceLayer.EmployeeManager.GetAll |Fetched all record
6 |2024-04-19 13:12:16.9503 |DEBUG |Tasl1 |Task1.Pages.EmployeeNTier.ListModel.OnGet |List Page on get method completed
19 |2024-04-19 13:13:34.0918 |DEBUG |Tasl1 |Task1.Pages.FinalList.ListModel.OnGet |Calling List on get method
19 |2024-04-19 13:13:34.0918 |DEBUG |Service Layer |ServiceLayer.EmployeeManager.GetAll |Fetching all record
19 |2024-04-19 13:13:34.0918 |DEBUG |Data Layer |DataLayer.EmployeeDB.GetAll |Fetching Record From DB
19 |2024-04-19 13:13:34.1458 |DEBUG |Data Layer |DataLayer.EmployeeDB.GetAll |Fetched Record From DB count - 2
19 |2024-04-19 13:13:34.1458 |DEBUG |Service Layer |ServiceLayer.EmployeeManager.GetAll |Fetched all record
19 |2024-04-19 13:13:34.1458 |DEBUG |Tasl1 |Task1.Pages.FinalList.ListModel.OnGet |List Page on get method completed
4 |2024-04-19 13:13:40.4690 |DEBUG |Data Layer |DataLayer.DepartmentDB.GetAll |Fetching Record From DB
4 |2024-04-19 13:13:40.5051 |DEBUG |Data Layer |DataLayer.DepartmentDB.GetAll |Fetched Record From DB count - 4
14 |2024-04-19 13:13:49.7547 |DEBUG |Tasl1 |Task1.Pages.EmployeeNTier.ListModel.OnGet |Calling List on get method
14 |2024-04-19 13:13:49.7547 |DEBUG |Service Layer |ServiceLayer.EmployeeManager.GetAll |Fetching all record
14 |2024-04-19 13:13:49.7547 |DEBUG |Data Layer |DataLayer.EmployeeDB.GetAll |Fetching Record From DB
14 |2024-04-19 13:13:49.7547 |DEBUG |Data Layer |DataLayer.EmployeeDB.GetAll |Fetched Record From DB count - 2
14 |2024-04-19 13:13:49.7602 |DEBUG |Service Layer |ServiceLayer.EmployeeManager.GetAll |Fetched all record
14 |2024-04-19 13:13:49.7602 |DEBUG |Tasl1 |Task1.Pages.EmployeeNTier.ListModel.OnGet |List Page on get method completed
7 |2024-04-19 13:20:05.6793 |DEBUG |Tasl1 |Task1.Pages.EmployeeNTier.ListModel.OnGet |Calling List on get method
7 |2024-04-19 13:20:05.6793 |DEBUG |Service Layer |ServiceLayer.EmployeeManager.GetAll |Fetching all record
7 |2024-04-19 13:20:05.6793 |DEBUG |Data Layer |DataLayer.EmployeeDB.GetAll |Fetching Record From DB
7 |2024-04-19 13:20:05.8632 |DEBUG |Data Layer |DataLayer.EmployeeDB.GetAll |Fetched Record From DB count - 2
7 |2024-04-19 13:20:05.8632 |DEBUG |Service Layer |ServiceLayer.EmployeeManager.GetAll |Fetched all record
7 |2024-04-19 13:20:05.8632 |DEBUG |Tasl1 |Task1.Pages.EmployeeNTier.ListModel.OnGet |List Page on get method completed
9 |2024-04-19 13:20:25.9275 |DEBUG |Tasl1 |Task1.Pages.FinalList.ListModel.OnGet |Calling List on get method
9 |2024-04-19 13:20:25.9275 |DEBUG |Service Layer |ServiceLayer.EmployeeManager.GetAll |Fetching all record
9 |2024-04-19 13:20:25.9275 |DEBUG |Data Layer |DataLayer.EmployeeDB.GetAll |Fetching Record From DB
9 |2024-04-19 13:20:25.9772 |DEBUG |Data Layer |DataLayer.EmployeeDB.GetAll |Fetched Record From DB count - 2
9 |2024-04-19 13:20:25.9772 |DEBUG |Service Layer |ServiceLayer.EmployeeManager.GetAll |Fetched all record
9 |2024-04-19 13:20:25.9772 |DEBUG |Tasl1 |Task1.Pages.FinalList.ListModel.OnGet |List Page on get method completed
