4 |2024-04-19 17:41:39.9151 |DEBUG |Tasl1 |Task1.Pages.EmployeeNTier.ListModel.OnGet |Calling List on get method
4 |2024-04-19 17:41:39.9317 |DEBUG |Service Layer |ServiceLayer.EmployeeManager.GetAll |Fetching all record
4 |2024-04-19 17:41:39.9340 |DEBUG |Data Layer |DataLayer.EmployeeDB.GetAll |Fetching Record From DB
4 |2024-04-19 17:41:40.5214 |DEBUG |Data Layer |DataLayer.EmployeeDB.GetAll |Fetched Record From DB count - 2
4 |2024-04-19 17:41:40.5214 |DEBUG |Service Layer |ServiceLayer.EmployeeManager.GetAll |Fetched all record
4 |2024-04-19 17:41:40.5214 |DEBUG |Tasl1 |Task1.Pages.EmployeeNTier.ListModel.OnGet |List Page on get method completed
7 |2024-04-19 17:41:46.1564 |DEBUG |Data Layer |DataLayer.DepartmentDB.GetAll |Fetching Record From DB
7 |2024-04-19 17:41:46.2191 |DEBUG |Data Layer |DataLayer.DepartmentDB.GetAll |Fetched Record From DB count - 5
4 |2024-04-19 17:43:13.0305 |DEBUG |Data Layer |DataLayer.DepartmentDB.GetAll |Fetching Record From DB
4 |2024-04-19 17:43:13.2039 |DEBUG |Data Layer |DataLayer.DepartmentDB.GetAll |Fetched Record From DB count - 5
4 |2024-04-19 17:43:30.5062 |DEBUG |Data Layer |DataLayer.DepartmentDB.GetAll |Fetching Record From DB
4 |2024-04-19 17:43:30.5856 |DEBUG |Data Layer |DataLayer.DepartmentDB.GetAll |Fetched Record From DB count - 5
7 |2024-04-19 17:44:07.2353 |DEBUG |Tasl1 |Task1.Pages.EmployeeNTier.ListModel.OnGet |Calling List on get method
7 |2024-04-19 17:44:07.2353 |DEBUG |Service Layer |ServiceLayer.EmployeeManager.GetAll |Fetching all record
7 |2024-04-19 17:44:07.2353 |DEBUG |Data Layer |DataLayer.EmployeeDB.GetAll |Fetching Record From DB
7 |2024-04-19 17:44:07.2868 |DEBUG |Data Layer |DataLayer.EmployeeDB.GetAll |Fetched Record From DB count - 2
7 |2024-04-19 17:44:07.2868 |DEBUG |Service Layer |ServiceLayer.EmployeeManager.GetAll |Fetched all record
7 |2024-04-19 17:44:07.2868 |DEBUG |Tasl1 |Task1.Pages.EmployeeNTier.ListModel.OnGet |List Page on get method completed
21 |2024-04-19 17:44:12.1977 |DEBUG |Data Layer |DataLayer.DepartmentDB.GetAll |Fetching Record From DB
21 |2024-04-19 17:44:12.2452 |DEBUG |Data Layer |DataLayer.DepartmentDB.GetAll |Fetched Record From DB count - 5
9 |2024-04-19 17:44:14.5449 |DEBUG |Service Layer |ServiceLayer.EmployeeManager.Add |Adding employee from serviec layer
9 |2024-04-19 17:44:14.6487 |DEBUG |Service Layer |ServiceLayer.EmployeeManager.Add |Added employee from serviec layer
12 |2024-04-19 17:44:14.7260 |DEBUG |Tasl1 |Task1.Pages.EmployeeNTier.ListModel.OnGet |Calling List on get method
12 |2024-04-19 17:44:14.7260 |DEBUG |Service Layer |ServiceLayer.EmployeeManager.GetAll |Fetching all record
12 |2024-04-19 17:44:14.7260 |DEBUG |Data Layer |DataLayer.EmployeeDB.GetAll |Fetching Record From DB
12 |2024-04-19 17:44:14.7260 |DEBUG |Data Layer |DataLayer.EmployeeDB.GetAll |Fetched Record From DB count - 2
12 |2024-04-19 17:44:14.7260 |DEBUG |Service Layer |ServiceLayer.EmployeeManager.GetAll |Fetched all record
12 |2024-04-19 17:44:14.7260 |DEBUG |Tasl1 |Task1.Pages.EmployeeNTier.ListModel.OnGet |List Page on get method completed
19 |2024-04-19 17:44:29.9486 |DEBUG |Data Layer |DataLayer.DepartmentDB.GetAll |Fetching Record From DB
19 |2024-04-19 17:44:29.9893 |DEBUG |Data Layer |DataLayer.DepartmentDB.GetAll |Fetched Record From DB count - 5
9 |2024-04-19 17:44:34.4198 |DEBUG |Service Layer |ServiceLayer.EmployeeManager.Add |Adding employee from serviec layer
9 |2024-04-19 17:44:34.5103 |DEBUG |Service Layer |ServiceLayer.EmployeeManager.Add |Added employee from serviec layer
9 |2024-04-19 17:44:34.5614 |DEBUG |Tasl1 |Task1.Pages.EmployeeNTier.ListModel.OnGet |Calling List on get method
9 |2024-04-19 17:44:34.5614 |DEBUG |Service Layer |ServiceLayer.EmployeeManager.GetAll |Fetching all record
9 |2024-04-19 17:44:34.5614 |DEBUG |Data Layer |DataLayer.EmployeeDB.GetAll |Fetching Record From DB
9 |2024-04-19 17:44:34.5614 |DEBUG |Data Layer |DataLayer.EmployeeDB.GetAll |Fetched Record From DB count - 2
9 |2024-04-19 17:44:34.5614 |DEBUG |Service Layer |ServiceLayer.EmployeeManager.GetAll |Fetched all record
9 |2024-04-19 17:44:34.5614 |DEBUG |Tasl1 |Task1.Pages.EmployeeNTier.ListModel.OnGet |List Page on get method completed
10 |2024-04-19 17:45:04.8801 |DEBUG |Tasl1 |Task1.Pages.EmployeeNTier.ListModel.OnGet |Calling List on get method
10 |2024-04-19 17:45:04.8801 |DEBUG |Service Layer |ServiceLayer.EmployeeManager.GetAll |Fetching all record
10 |2024-04-19 17:45:04.8801 |DEBUG |Data Layer |DataLayer.EmployeeDB.GetAll |Fetching Record From DB
10 |2024-04-19 17:45:05.0384 |DEBUG |Data Layer |DataLayer.EmployeeDB.GetAll |Fetched Record From DB count - 2
10 |2024-04-19 17:45:05.0384 |DEBUG |Service Layer |ServiceLayer.EmployeeManager.GetAll |Fetched all record
10 |2024-04-19 17:45:05.0384 |DEBUG |Tasl1 |Task1.Pages.EmployeeNTier.ListModel.OnGet |List Page on get method completed
17 |2024-04-19 17:45:24.2186 |DEBUG |Data Layer |DataLayer.DepartmentDB.GetAll |Fetching Record From DB
17 |2024-04-19 17:45:24.2566 |DEBUG |Data Layer |DataLayer.DepartmentDB.GetAll |Fetched Record From DB count - 5
6 |2024-04-19 17:45:27.6712 |DEBUG |Service Layer |ServiceLayer.EmployeeManager.Add |Adding employee from serviec layer
6 |2024-04-19 17:45:27.8071 |DEBUG |Service Layer |ServiceLayer.EmployeeManager.Add |Added employee from serviec layer
6 |2024-04-19 17:45:27.8865 |DEBUG |Tasl1 |Task1.Pages.EmployeeNTier.ListModel.OnGet |Calling List on get method
6 |2024-04-19 17:45:27.8865 |DEBUG |Service Layer |ServiceLayer.EmployeeManager.GetAll |Fetching all record
6 |2024-04-19 17:45:27.8865 |DEBUG |Data Layer |DataLayer.EmployeeDB.GetAll |Fetching Record From DB
6 |2024-04-19 17:45:27.8865 |DEBUG |Data Layer |DataLayer.EmployeeDB.GetAll |Fetched Record From DB count - 2
6 |2024-04-19 17:45:27.8865 |DEBUG |Service Layer |ServiceLayer.EmployeeManager.GetAll |Fetched all record
6 |2024-04-19 17:45:27.8865 |DEBUG |Tasl1 |Task1.Pages.EmployeeNTier.ListModel.OnGet |List Page on get method completed
7 |2024-04-19 17:45:54.0753 |DEBUG |Tasl1 |Task1.Pages.EmployeeNTier.ListModel.OnGet |Calling List on get method
7 |2024-04-19 17:45:54.1191 |DEBUG |Service Layer |ServiceLayer.EmployeeManager.GetAll |Fetching all record
7 |2024-04-19 17:45:54.2497 |DEBUG |Data Layer |DataLayer.EmployeeDB.GetAll |Fetching Record From DB
7 |2024-04-19 17:45:55.4766 |DEBUG |Data Layer |DataLayer.EmployeeDB.GetAll |Fetched Record From DB count - 2
7 |2024-04-19 17:45:55.4766 |DEBUG |Service Layer |ServiceLayer.EmployeeManager.GetAll |Fetched all record
7 |2024-04-19 17:45:55.4766 |DEBUG |Tasl1 |Task1.Pages.EmployeeNTier.ListModel.OnGet |List Page on get method completed
4 |2024-04-19 17:46:34.5634 |DEBUG |Tasl1 |Task1.Pages.EmployeeNTier.ListModel.OnGet |Calling List on get method
4 |2024-04-19 17:46:34.5634 |DEBUG |Service Layer |ServiceLayer.EmployeeManager.GetAll |Fetching all record
4 |2024-04-19 17:46:34.5634 |DEBUG |Data Layer |DataLayer.EmployeeDB.GetAll |Fetching Record From DB
4 |2024-04-19 17:46:34.6282 |DEBUG |Data Layer |DataLayer.EmployeeDB.GetAll |Fetched Record From DB count - 2
4 |2024-04-19 17:46:34.6282 |DEBUG |Service Layer |ServiceLayer.EmployeeManager.GetAll |Fetched all record
4 |2024-04-19 17:46:34.6282 |DEBUG |Tasl1 |Task1.Pages.EmployeeNTier.ListModel.OnGet |List Page on get method completed
4 |2024-04-19 17:46:37.8257 |DEBUG |Data Layer |DataLayer.DepartmentDB.GetAll |Fetching Record From DB
4 |2024-04-19 17:46:37.8790 |DEBUG |Data Layer |DataLayer.DepartmentDB.GetAll |Fetched Record From DB count - 5
14 |2024-04-19 17:46:40.4130 |DEBUG |Service Layer |ServiceLayer.EmployeeManager.Add |Adding employee from serviec layer
14 |2024-04-19 17:46:40.4800 |DEBUG |Service Layer |ServiceLayer.EmployeeManager.Add |Added employee from serviec layer
14 |2024-04-19 17:46:40.5622 |DEBUG |Tasl1 |Task1.Pages.EmployeeNTier.ListModel.OnGet |Calling List on get method
14 |2024-04-19 17:46:40.5622 |DEBUG |Service Layer |ServiceLayer.EmployeeManager.GetAll |Fetching all record
14 |2024-04-19 17:46:40.5622 |DEBUG |Data Layer |DataLayer.EmployeeDB.GetAll |Fetching Record From DB
14 |2024-04-19 17:46:40.5622 |DEBUG |Data Layer |DataLayer.EmployeeDB.GetAll |Fetched Record From DB count - 2
14 |2024-04-19 17:46:40.5622 |DEBUG |Service Layer |ServiceLayer.EmployeeManager.GetAll |Fetched all record
14 |2024-04-19 17:46:40.5622 |DEBUG |Tasl1 |Task1.Pages.EmployeeNTier.ListModel.OnGet |List Page on get method completed
12 |2024-04-19 17:47:08.1832 |DEBUG |Tasl1 |Task1.Pages.EmployeeNTier.ListModel.OnGet |Calling List on get method
12 |2024-04-19 17:47:08.1927 |DEBUG |Service Layer |ServiceLayer.EmployeeManager.GetAll |Fetching all record
12 |2024-04-19 17:47:08.1927 |DEBUG |Data Layer |DataLayer.EmployeeDB.GetAll |Fetching Record From DB
12 |2024-04-19 17:47:08.3391 |DEBUG |Data Layer |DataLayer.EmployeeDB.GetAll |Fetched Record From DB count - 2
12 |2024-04-19 17:47:08.3391 |DEBUG |Service Layer |ServiceLayer.EmployeeManager.GetAll |Fetched all record
12 |2024-04-19 17:47:08.3391 |DEBUG |Tasl1 |Task1.Pages.EmployeeNTier.ListModel.OnGet |List Page on get method completed
12 |2024-04-19 17:47:19.3097 |DEBUG |Data Layer |DataLayer.DepartmentDB.GetAll |Fetching Record From DB
12 |2024-04-19 17:47:19.3519 |DEBUG |Data Layer |DataLayer.DepartmentDB.GetAll |Fetched Record From DB count - 5
4 |2024-04-19 17:47:21.5145 |DEBUG |Service Layer |ServiceLayer.EmployeeManager.Add |Adding employee from serviec layer
4 |2024-04-19 17:47:21.6565 |DEBUG |Service Layer |ServiceLayer.EmployeeManager.Add |Added employee from serviec layer
4 |2024-04-19 17:47:21.7492 |DEBUG |Tasl1 |Task1.Pages.EmployeeNTier.ListModel.OnGet |Calling List on get method
4 |2024-04-19 17:47:21.7492 |DEBUG |Service Layer |ServiceLayer.EmployeeManager.GetAll |Fetching all record
4 |2024-04-19 17:47:21.7492 |DEBUG |Data Layer |DataLayer.EmployeeDB.GetAll |Fetching Record From DB
4 |2024-04-19 17:47:21.7568 |DEBUG |Data Layer |DataLayer.EmployeeDB.GetAll |Fetched Record From DB count - 2
4 |2024-04-19 17:47:21.7568 |DEBUG |Service Layer |ServiceLayer.EmployeeManager.GetAll |Fetched all record
4 |2024-04-19 17:47:21.7568 |DEBUG |Tasl1 |Task1.Pages.EmployeeNTier.ListModel.OnGet |List Page on get method completed
9 |2024-04-19 17:47:46.9057 |DEBUG |Tasl1 |Task1.Pages.EmployeeNTier.ListModel.OnGet |Calling List on get method
9 |2024-04-19 17:47:46.9145 |DEBUG |Service Layer |ServiceLayer.EmployeeManager.GetAll |Fetching all record
9 |2024-04-19 17:47:46.9145 |DEBUG |Data Layer |DataLayer.EmployeeDB.GetAll |Fetching Record From DB
9 |2024-04-19 17:47:47.0662 |DEBUG |Data Layer |DataLayer.EmployeeDB.GetAll |Fetched Record From DB count - 2
9 |2024-04-19 17:47:47.0662 |DEBUG |Service Layer |ServiceLayer.EmployeeManager.GetAll |Fetched all record
9 |2024-04-19 17:47:47.0662 |DEBUG |Tasl1 |Task1.Pages.EmployeeNTier.ListModel.OnGet |List Page on get method completed
4 |2024-04-19 17:48:07.3264 |DEBUG |Tasl1 |Task1.Pages.EmployeeNTier.ListModel.OnGet |Calling List on get method
4 |2024-04-19 17:48:07.3264 |DEBUG |Service Layer |ServiceLayer.EmployeeManager.GetAll |Fetching all record
4 |2024-04-19 17:48:07.3264 |DEBUG |Data Layer |DataLayer.EmployeeDB.GetAll |Fetching Record From DB
4 |2024-04-19 17:48:07.3965 |DEBUG |Data Layer |DataLayer.EmployeeDB.GetAll |Fetched Record From DB count - 2
4 |2024-04-19 17:48:07.3965 |DEBUG |Service Layer |ServiceLayer.EmployeeManager.GetAll |Fetched all record
4 |2024-04-19 17:48:07.3965 |DEBUG |Tasl1 |Task1.Pages.EmployeeNTier.ListModel.OnGet |List Page on get method completed
12 |2024-04-19 17:48:14.4417 |DEBUG |Data Layer |DataLayer.DepartmentDB.GetAll |Fetching Record From DB
12 |2024-04-19 17:48:14.4998 |DEBUG |Data Layer |DataLayer.DepartmentDB.GetAll |Fetched Record From DB count - 5
7 |2024-04-19 17:48:18.0466 |DEBUG |Service Layer |ServiceLayer.EmployeeManager.Add |Adding employee from serviec layer
7 |2024-04-19 17:48:18.1283 |DEBUG |Service Layer |ServiceLayer.EmployeeManager.Add |Added employee from serviec layer
15 |2024-04-19 17:48:18.1842 |DEBUG |Tasl1 |Task1.Pages.EmployeeNTier.ListModel.OnGet |Calling List on get method
15 |2024-04-19 17:48:18.1842 |DEBUG |Service Layer |ServiceLayer.EmployeeManager.GetAll |Fetching all record
15 |2024-04-19 17:48:18.1842 |DEBUG |Data Layer |DataLayer.EmployeeDB.GetAll |Fetching Record From DB
15 |2024-04-19 17:48:18.1891 |DEBUG |Data Layer |DataLayer.EmployeeDB.GetAll |Fetched Record From DB count - 2
15 |2024-04-19 17:48:18.1891 |DEBUG |Service Layer |ServiceLayer.EmployeeManager.GetAll |Fetched all record
15 |2024-04-19 17:48:18.1891 |DEBUG |Tasl1 |Task1.Pages.EmployeeNTier.ListModel.OnGet |List Page on get method completed
7 |2024-04-19 17:48:30.1130 |DEBUG |Tasl1 |Task1.Pages.EmployeeNTier.ListModel.OnGet |Calling List on get method
7 |2024-04-19 17:48:30.1130 |DEBUG |Service Layer |ServiceLayer.EmployeeManager.GetAll |Fetching all record
7 |2024-04-19 17:48:30.1130 |DEBUG |Data Layer |DataLayer.EmployeeDB.GetAll |Fetching Record From DB
7 |2024-04-19 17:48:30.1381 |DEBUG |Data Layer |DataLayer.EmployeeDB.GetAll |Fetched Record From DB count - 2
7 |2024-04-19 17:48:30.1381 |DEBUG |Service Layer |ServiceLayer.EmployeeManager.GetAll |Fetched all record
7 |2024-04-19 17:48:30.1381 |DEBUG |Tasl1 |Task1.Pages.EmployeeNTier.ListModel.OnGet |List Page on get method completed
12 |2024-04-19 17:48:32.3422 |DEBUG |Tasl1 |Task1.Pages.EmployeeNTier.ListModel.OnGet |Calling List on get method
12 |2024-04-19 17:48:32.3422 |DEBUG |Service Layer |ServiceLayer.EmployeeManager.GetAll |Fetching all record
12 |2024-04-19 17:48:32.3422 |DEBUG |Data Layer |DataLayer.EmployeeDB.GetAll |Fetching Record From DB
12 |2024-04-19 17:48:32.3885 |DEBUG |Data Layer |DataLayer.EmployeeDB.GetAll |Fetched Record From DB count - 2
12 |2024-04-19 17:48:32.3885 |DEBUG |Service Layer |ServiceLayer.EmployeeManager.GetAll |Fetched all record
12 |2024-04-19 17:48:32.3885 |DEBUG |Tasl1 |Task1.Pages.EmployeeNTier.ListModel.OnGet |List Page on get method completed
4 |2024-04-19 17:48:36.0060 |DEBUG |Tasl1 |Task1.Pages.EmployeeNTier.ListModel.OnGet |Calling List on get method
4 |2024-04-19 17:48:36.0060 |DEBUG |Service Layer |ServiceLayer.EmployeeManager.GetAll |Fetching all record
4 |2024-04-19 17:48:36.0060 |DEBUG |Data Layer |DataLayer.EmployeeDB.GetAll |Fetching Record From DB
4 |2024-04-19 17:48:36.0450 |DEBUG |Data Layer |DataLayer.EmployeeDB.GetAll |Fetched Record From DB count - 2
4 |2024-04-19 17:48:36.0450 |DEBUG |Service Layer |ServiceLayer.EmployeeManager.GetAll |Fetched all record
4 |2024-04-19 17:48:36.0450 |DEBUG |Tasl1 |Task1.Pages.EmployeeNTier.ListModel.OnGet |List Page on get method completed
9 |2024-04-19 17:48:51.6340 |DEBUG |Tasl1 |Task1.Pages.DepartmentNTier.ListModel.OnGet |Calling List on get method
9 |2024-04-19 17:48:51.6340 |DEBUG |Data Layer |DataLayer.DepartmentDB.GetAll |Fetching Record From DB
9 |2024-04-19 17:48:51.6693 |DEBUG |Data Layer |DataLayer.DepartmentDB.GetAll |Fetched Record From DB count - 5
9 |2024-04-19 17:48:51.6693 |DEBUG |Tasl1 |Task1.Pages.DepartmentNTier.ListModel.OnGet |List Page on get method completed
15 |2024-04-19 17:48:57.0771 |DEBUG |Tasl1 |Task1.Pages.DepartmentNTier.ListModel.OnGet |Calling List on get method
15 |2024-04-19 17:48:57.0771 |DEBUG |Data Layer |DataLayer.DepartmentDB.GetAll |Fetching Record From DB
15 |2024-04-19 17:48:57.0771 |DEBUG |Data Layer |DataLayer.DepartmentDB.GetAll |Fetched Record From DB count - 6
15 |2024-04-19 17:48:57.0771 |DEBUG |Tasl1 |Task1.Pages.DepartmentNTier.ListModel.OnGet |List Page on get method completed
15 |2024-04-19 17:49:10.6681 |DEBUG |Tasl1 |Task1.Pages.DepartmentNTier.ListModel.OnGetDelete |Calling List on Get By Delete:10 method
15 |2024-04-19 17:49:10.7197 |DEBUG |Tasl1 |Task1.Pages.DepartmentNTier.ListModel.OnGetDelete |Called List on Get By Delete:10 method
9 |2024-04-19 17:49:10.7197 |DEBUG |Tasl1 |Task1.Pages.DepartmentNTier.ListModel.OnGet |Calling List on get method
9 |2024-04-19 17:49:10.7197 |DEBUG |Data Layer |DataLayer.DepartmentDB.GetAll |Fetching Record From DB
9 |2024-04-19 17:49:10.7197 |DEBUG |Data Layer |DataLayer.DepartmentDB.GetAll |Fetched Record From DB count - 5
9 |2024-04-19 17:49:10.7197 |DEBUG |Tasl1 |Task1.Pages.DepartmentNTier.ListModel.OnGet |List Page on get method completed
4 |2024-04-19 17:54:30.6547 |DEBUG |Tasl1 |Task1.Pages.DepartmentNTier.ListModel.OnGet |Calling List on get method
4 |2024-04-19 17:54:30.6636 |DEBUG |Data Layer |DataLayer.DepartmentDB.GetAll |Fetching Record From DB
4 |2024-04-19 17:54:30.8224 |DEBUG |Data Layer |DataLayer.DepartmentDB.GetAll |Fetched Record From DB count - 5
4 |2024-04-19 17:54:30.8224 |DEBUG |Tasl1 |Task1.Pages.DepartmentNTier.ListModel.OnGet |List Page on get method completed
14 |2024-04-19 18:08:51.2873 |DEBUG |Tasl1 |Task1.Pages.EmployeeNTier.ListModel.OnGet |Calling List on get method
14 |2024-04-19 18:08:51.3599 |DEBUG |Service Layer |ServiceLayer.EmployeeManager.GetAll |Fetching all record
14 |2024-04-19 18:08:51.4773 |DEBUG |Data Layer |DataLayer.EmployeeDB.GetAll |Fetching Record From DB
14 |2024-04-19 18:08:52.4790 |DEBUG |Data Layer |DataLayer.EmployeeDB.GetAll |Fetched Record From DB count - 2
14 |2024-04-19 18:08:52.4790 |DEBUG |Service Layer |ServiceLayer.EmployeeManager.GetAll |Fetched all record
14 |2024-04-19 18:08:52.4790 |DEBUG |Tasl1 |Task1.Pages.EmployeeNTier.ListModel.OnGet |List Page on get method completed
17 |2024-04-19 18:08:54.7256 |DEBUG |Data Layer |DataLayer.DepartmentDB.GetAll |Fetching Record From DB
17 |2024-04-19 18:08:54.7750 |DEBUG |Data Layer |DataLayer.DepartmentDB.GetAll |Fetched Record From DB count - 5
14 |2024-04-19 18:08:58.2994 |DEBUG |Tasl1 |Task1.Pages.EmployeeNTier.ListModel.OnGet |Calling List on get method
14 |2024-04-19 18:08:58.2994 |DEBUG |Service Layer |ServiceLayer.EmployeeManager.GetAll |Fetching all record
14 |2024-04-19 18:08:58.2994 |DEBUG |Data Layer |DataLayer.EmployeeDB.GetAll |Fetching Record From DB
14 |2024-04-19 18:08:58.3475 |DEBUG |Data Layer |DataLayer.EmployeeDB.GetAll |Fetched Record From DB count - 2
14 |2024-04-19 18:08:58.3475 |DEBUG |Service Layer |ServiceLayer.EmployeeManager.GetAll |Fetched all record
14 |2024-04-19 18:08:58.3475 |DEBUG |Tasl1 |Task1.Pages.EmployeeNTier.ListModel.OnGet |List Page on get method completed
17 |2024-04-19 18:09:00.5272 |DEBUG |Data Layer |DataLayer.DepartmentDB.GetAll |Fetching Record From DB
17 |2024-04-19 18:09:00.5605 |DEBUG |Data Layer |DataLayer.DepartmentDB.GetAll |Fetched Record From DB count - 5
12 |2024-04-19 18:09:04.0311 |DEBUG |Tasl1 |Task1.Pages.EmployeeNTier.ListModel.OnGet |Calling List on get method
12 |2024-04-19 18:09:04.0311 |DEBUG |Service Layer |ServiceLayer.EmployeeManager.GetAll |Fetching all record
12 |2024-04-19 18:09:04.0311 |DEBUG |Data Layer |DataLayer.EmployeeDB.GetAll |Fetching Record From DB
12 |2024-04-19 18:09:04.0678 |DEBUG |Data Layer |DataLayer.EmployeeDB.GetAll |Fetched Record From DB count - 2
12 |2024-04-19 18:09:04.0678 |DEBUG |Service Layer |ServiceLayer.EmployeeManager.GetAll |Fetched all record
12 |2024-04-19 18:09:04.0678 |DEBUG |Tasl1 |Task1.Pages.EmployeeNTier.ListModel.OnGet |List Page on get method completed
14 |2024-04-19 18:09:05.2601 |DEBUG |Data Layer |DataLayer.DepartmentDB.GetAll |Fetching Record From DB
14 |2024-04-19 18:09:05.2875 |DEBUG |Data Layer |DataLayer.DepartmentDB.GetAll |Fetched Record From DB count - 5
12 |2024-04-19 18:09:14.6420 |DEBUG |Service Layer |ServiceLayer.EmployeeManager.Add |Adding employee from serviec layer
12 |2024-04-19 18:09:27.0500 |DEBUG |Tasl1 |Task1.Pages.EmployeeNTier.ListModel.OnGet |Calling List on get method
12 |2024-04-19 18:09:27.0500 |DEBUG |Service Layer |ServiceLayer.EmployeeManager.GetAll |Fetching all record
12 |2024-04-19 18:09:27.0500 |DEBUG |Data Layer |DataLayer.EmployeeDB.GetAll |Fetching Record From DB
12 |2024-04-19 18:09:27.0755 |DEBUG |Data Layer |DataLayer.EmployeeDB.GetAll |Fetched Record From DB count - 2
12 |2024-04-19 18:09:27.0755 |DEBUG |Service Layer |ServiceLayer.EmployeeManager.GetAll |Fetched all record
12 |2024-04-19 18:09:27.0755 |DEBUG |Tasl1 |Task1.Pages.EmployeeNTier.ListModel.OnGet |List Page on get method completed
4 |2024-04-19 18:09:28.9629 |DEBUG |Data Layer |DataLayer.DepartmentDB.GetAll |Fetching Record From DB
4 |2024-04-19 18:09:29.0008 |DEBUG |Data Layer |DataLayer.DepartmentDB.GetAll |Fetched Record From DB count - 5
6 |2024-04-19 18:09:48.1034 |DEBUG |Service Layer |ServiceLayer.EmployeeManager.Add |Adding employee from serviec layer
6 |2024-04-19 18:09:48.1688 |DEBUG |Service Layer |ServiceLayer.EmployeeManager.Add |Added employee from serviec layer
6 |2024-04-19 18:09:48.2203 |DEBUG |Tasl1 |Task1.Pages.EmployeeNTier.ListModel.OnGet |Calling List on get method
6 |2024-04-19 18:09:48.2203 |DEBUG |Service Layer |ServiceLayer.EmployeeManager.GetAll |Fetching all record
6 |2024-04-19 18:09:48.2203 |DEBUG |Data Layer |DataLayer.EmployeeDB.GetAll |Fetching Record From DB
6 |2024-04-19 18:09:48.2203 |DEBUG |Data Layer |DataLayer.EmployeeDB.GetAll |Fetched Record From DB count - 3
6 |2024-04-19 18:09:48.2203 |DEBUG |Service Layer |ServiceLayer.EmployeeManager.GetAll |Fetched all record
6 |2024-04-19 18:09:48.2203 |DEBUG |Tasl1 |Task1.Pages.EmployeeNTier.ListModel.OnGet |List Page on get method completed
6 |2024-04-19 18:09:55.6977 |DEBUG |Data Layer |DataLayer.DepartmentDB.GetAll |Fetching Record From DB
6 |2024-04-19 18:09:55.7240 |DEBUG |Data Layer |DataLayer.DepartmentDB.GetAll |Fetched Record From DB count - 5
6 |2024-04-19 18:10:05.1708 |DEBUG |Data Layer |DataLayer.DepartmentDB.GetAll |Fetching Record From DB
6 |2024-04-19 18:10:05.2102 |DEBUG |Data Layer |DataLayer.DepartmentDB.GetAll |Fetched Record From DB count - 5
12 |2024-04-19 18:10:11.7347 |DEBUG |Tasl1 |Task1.Pages.EmployeeNTier.ListModel.OnGet |Calling List on get method
12 |2024-04-19 18:10:11.7347 |DEBUG |Service Layer |ServiceLayer.EmployeeManager.GetAll |Fetching all record
12 |2024-04-19 18:10:11.7347 |DEBUG |Data Layer |DataLayer.EmployeeDB.GetAll |Fetching Record From DB
12 |2024-04-19 18:10:11.7347 |DEBUG |Data Layer |DataLayer.EmployeeDB.GetAll |Fetched Record From DB count - 3
12 |2024-04-19 18:10:11.7347 |DEBUG |Service Layer |ServiceLayer.EmployeeManager.GetAll |Fetched all record
12 |2024-04-19 18:10:11.7347 |DEBUG |Tasl1 |Task1.Pages.EmployeeNTier.ListModel.OnGet |List Page on get method completed
4 |2024-04-19 18:10:15.3399 |DEBUG |Data Layer |DataLayer.DepartmentDB.GetAll |Fetching Record From DB
4 |2024-04-19 18:10:15.3662 |DEBUG |Data Layer |DataLayer.DepartmentDB.GetAll |Fetched Record From DB count - 5
4 |2024-04-19 18:10:59.3854 |DEBUG |Data Layer |DataLayer.DepartmentDB.GetAll |Fetching Record From DB
4 |2024-04-19 18:10:59.5589 |DEBUG |Data Layer |DataLayer.DepartmentDB.GetAll |Fetched Record From DB count - 5
4 |2024-04-19 18:11:06.6511 |DEBUG |Tasl1 |Task1.Pages.EmployeeNTier.ListModel.OnGet |Calling List on get method
4 |2024-04-19 18:11:06.6511 |DEBUG |Service Layer |ServiceLayer.EmployeeManager.GetAll |Fetching all record
4 |2024-04-19 18:11:06.6511 |DEBUG |Data Layer |DataLayer.EmployeeDB.GetAll |Fetching Record From DB
4 |2024-04-19 18:11:06.6904 |DEBUG |Data Layer |DataLayer.EmployeeDB.GetAll |Fetched Record From DB count - 3
4 |2024-04-19 18:11:06.6904 |DEBUG |Service Layer |ServiceLayer.EmployeeManager.GetAll |Fetched all record
4 |2024-04-19 18:11:06.6904 |DEBUG |Tasl1 |Task1.Pages.EmployeeNTier.ListModel.OnGet |List Page on get method completed
12 |2024-04-19 18:11:08.8441 |DEBUG |Data Layer |DataLayer.DepartmentDB.GetAll |Fetching Record From DB
12 |2024-04-19 18:11:08.8969 |DEBUG |Data Layer |DataLayer.DepartmentDB.GetAll |Fetched Record From DB count - 5
12 |2024-04-19 18:11:27.5633 |DEBUG |Tasl1 |Task1.Pages.EmployeeNTier.ListModel.OnGet |Calling List on get method
12 |2024-04-19 18:11:27.5633 |DEBUG |Service Layer |ServiceLayer.EmployeeManager.GetAll |Fetching all record
12 |2024-04-19 18:11:27.5633 |DEBUG |Data Layer |DataLayer.EmployeeDB.GetAll |Fetching Record From DB
12 |2024-04-19 18:11:27.5633 |DEBUG |Data Layer |DataLayer.EmployeeDB.GetAll |Fetched Record From DB count - 3
12 |2024-04-19 18:11:27.5633 |DEBUG |Service Layer |ServiceLayer.EmployeeManager.GetAll |Fetched all record
12 |2024-04-19 18:11:27.5633 |DEBUG |Tasl1 |Task1.Pages.EmployeeNTier.ListModel.OnGet |List Page on get method completed
7 |2024-04-19 18:12:34.1415 |DEBUG |Tasl1 |Task1.Pages.EmployeeNTier.ListModel.OnGet |Calling List on get method
7 |2024-04-19 18:12:34.1500 |DEBUG |Service Layer |ServiceLayer.EmployeeManager.GetAll |Fetching all record
7 |2024-04-19 18:12:34.1500 |DEBUG |Data Layer |DataLayer.EmployeeDB.GetAll |Fetching Record From DB
7 |2024-04-19 18:12:34.2991 |DEBUG |Data Layer |DataLayer.EmployeeDB.GetAll |Fetched Record From DB count - 3
7 |2024-04-19 18:12:34.2991 |DEBUG |Service Layer |ServiceLayer.EmployeeManager.GetAll |Fetched all record
7 |2024-04-19 18:12:34.2991 |DEBUG |Tasl1 |Task1.Pages.EmployeeNTier.ListModel.OnGet |List Page on get method completed
12 |2024-04-19 18:12:43.2624 |DEBUG |Data Layer |DataLayer.DepartmentDB.GetAll |Fetching Record From DB
12 |2024-04-19 18:12:43.3201 |DEBUG |Data Layer |DataLayer.DepartmentDB.GetAll |Fetched Record From DB count - 5
14 |2024-04-19 18:12:49.7680 |DEBUG |Tasl1 |Task1.Pages.EmployeeNTier.ListModel.OnGet |Calling List on get method
14 |2024-04-19 18:12:49.7680 |DEBUG |Service Layer |ServiceLayer.EmployeeManager.GetAll |Fetching all record
14 |2024-04-19 18:12:49.7680 |DEBUG |Data Layer |DataLayer.EmployeeDB.GetAll |Fetching Record From DB
14 |2024-04-19 18:12:49.8648 |DEBUG |Data Layer |DataLayer.EmployeeDB.GetAll |Fetched Record From DB count - 3
14 |2024-04-19 18:12:49.8648 |DEBUG |Service Layer |ServiceLayer.EmployeeManager.GetAll |Fetched all record
14 |2024-04-19 18:12:49.8648 |DEBUG |Tasl1 |Task1.Pages.EmployeeNTier.ListModel.OnGet |List Page on get method completed
4 |2024-04-19 18:12:52.2492 |DEBUG |Data Layer |DataLayer.DepartmentDB.GetAll |Fetching Record From DB
4 |2024-04-19 18:12:52.2827 |DEBUG |Data Layer |DataLayer.DepartmentDB.GetAll |Fetched Record From DB count - 5
6 |2024-04-19 18:13:09.1010 |DEBUG |Data Layer |DataLayer.DepartmentDB.GetAll |Fetching Record From DB
6 |2024-04-19 18:13:09.1257 |DEBUG |Data Layer |DataLayer.DepartmentDB.GetAll |Fetched Record From DB count - 5
4 |2024-04-19 18:17:50.4289 |DEBUG |Data Layer |DataLayer.DepartmentDB.GetAll |Fetching Record From DB
4 |2024-04-19 18:17:50.5794 |DEBUG |Data Layer |DataLayer.DepartmentDB.GetAll |Fetched Record From DB count - 5
9 |2024-04-19 18:18:11.7246 |DEBUG |Tasl1 |Task1.Pages.EmployeeNTier.ListModel.OnGet |Calling List on get method
9 |2024-04-19 18:18:11.7246 |DEBUG |Service Layer |ServiceLayer.EmployeeManager.GetAll |Fetching all record
9 |2024-04-19 18:18:11.7246 |DEBUG |Data Layer |DataLayer.EmployeeDB.GetAll |Fetching Record From DB
9 |2024-04-19 18:18:11.7905 |DEBUG |Data Layer |DataLayer.EmployeeDB.GetAll |Fetched Record From DB count - 3
9 |2024-04-19 18:18:11.7905 |DEBUG |Service Layer |ServiceLayer.EmployeeManager.GetAll |Fetched all record
9 |2024-04-19 18:18:11.7905 |DEBUG |Tasl1 |Task1.Pages.EmployeeNTier.ListModel.OnGet |List Page on get method completed
9 |2024-04-19 18:18:13.2653 |DEBUG |Data Layer |DataLayer.DepartmentDB.GetAll |Fetching Record From DB
9 |2024-04-19 18:18:13.3213 |DEBUG |Data Layer |DataLayer.DepartmentDB.GetAll |Fetched Record From DB count - 5
9 |2024-04-19 18:18:21.1291 |DEBUG |Data Layer |DataLayer.DepartmentDB.GetAll |Fetching Record From DB
9 |2024-04-19 18:18:21.1550 |DEBUG |Data Layer |DataLayer.DepartmentDB.GetAll |Fetched Record From DB count - 5
20 |2024-04-19 18:18:31.8744 |DEBUG |Tasl1 |Task1.Pages.EmployeeNTier.ListModel.OnGet |Calling List on get method
20 |2024-04-19 18:18:31.8744 |DEBUG |Service Layer |ServiceLayer.EmployeeManager.GetAll |Fetching all record
20 |2024-04-19 18:18:31.8977 |DEBUG |Data Layer |DataLayer.EmployeeDB.GetAll |Fetching Record From DB
20 |2024-04-19 18:18:31.9375 |DEBUG |Data Layer |DataLayer.EmployeeDB.GetAll |Fetched Record From DB count - 3
20 |2024-04-19 18:18:31.9375 |DEBUG |Service Layer |ServiceLayer.EmployeeManager.GetAll |Fetched all record
20 |2024-04-19 18:18:31.9375 |DEBUG |Tasl1 |Task1.Pages.EmployeeNTier.ListModel.OnGet |List Page on get method completed
24 |2024-04-19 18:18:33.7150 |DEBUG |Data Layer |DataLayer.DepartmentDB.GetAll |Fetching Record From DB
24 |2024-04-19 18:18:33.7380 |DEBUG |Data Layer |DataLayer.DepartmentDB.GetAll |Fetched Record From DB count - 5
7 |2024-04-19 18:20:57.8241 |DEBUG |Tasl1 |Task1.Pages.EmployeeNTier.ListModel.OnGet |Calling List on get method
7 |2024-04-19 18:20:57.8241 |DEBUG |Service Layer |ServiceLayer.EmployeeManager.GetAll |Fetching all record
7 |2024-04-19 18:20:57.8336 |DEBUG |Data Layer |DataLayer.EmployeeDB.GetAll |Fetching Record From DB
7 |2024-04-19 18:20:57.9868 |DEBUG |Data Layer |DataLayer.EmployeeDB.GetAll |Fetched Record From DB count - 3
7 |2024-04-19 18:20:57.9868 |DEBUG |Service Layer |ServiceLayer.EmployeeManager.GetAll |Fetched all record
7 |2024-04-19 18:20:57.9868 |DEBUG |Tasl1 |Task1.Pages.EmployeeNTier.ListModel.OnGet |List Page on get method completed
4 |2024-04-19 18:20:59.7226 |DEBUG |Data Layer |DataLayer.DepartmentDB.GetAll |Fetching Record From DB
4 |2024-04-19 18:20:59.7581 |DEBUG |Data Layer |DataLayer.DepartmentDB.GetAll |Fetched Record From DB count - 5
4 |2024-04-19 18:21:24.7454 |DEBUG |Data Layer |DataLayer.DepartmentDB.GetAll |Fetching Record From DB
4 |2024-04-19 18:21:24.9050 |DEBUG |Data Layer |DataLayer.DepartmentDB.GetAll |Fetched Record From DB count - 5
14 |2024-04-19 18:21:40.8495 |DEBUG |Data Layer |DataLayer.DepartmentDB.GetAll |Fetching Record From DB
14 |2024-04-19 18:21:40.9293 |DEBUG |Data Layer |DataLayer.DepartmentDB.GetAll |Fetched Record From DB count - 5
9 |2024-04-19 18:22:09.9989 |DEBUG |Data Layer |DataLayer.DepartmentDB.GetAll |Fetching Record From DB
9 |2024-04-19 18:22:10.1636 |DEBUG |Data Layer |DataLayer.DepartmentDB.GetAll |Fetched Record From DB count - 5
16 |2024-04-19 18:22:45.4828 |DEBUG |Tasl1 |Task1.Pages.EmployeeNTier.ListModel.OnGet |Calling List on get method
16 |2024-04-19 18:22:45.4828 |DEBUG |Service Layer |ServiceLayer.EmployeeManager.GetAll |Fetching all record
16 |2024-04-19 18:22:45.4828 |DEBUG |Data Layer |DataLayer.EmployeeDB.GetAll |Fetching Record From DB
16 |2024-04-19 18:22:45.5311 |DEBUG |Data Layer |DataLayer.EmployeeDB.GetAll |Fetched Record From DB count - 3
16 |2024-04-19 18:22:45.5311 |DEBUG |Service Layer |ServiceLayer.EmployeeManager.GetAll |Fetched all record
16 |2024-04-19 18:22:45.5311 |DEBUG |Tasl1 |Task1.Pages.EmployeeNTier.ListModel.OnGet |List Page on get method completed
18 |2024-04-19 18:22:47.0676 |DEBUG |Data Layer |DataLayer.DepartmentDB.GetAll |Fetching Record From DB
18 |2024-04-19 18:22:47.1175 |DEBUG |Data Layer |DataLayer.DepartmentDB.GetAll |Fetched Record From DB count - 5
12 |2024-04-19 18:27:31.3048 |DEBUG |Data Layer |DataLayer.DepartmentDB.GetAll |Fetching Record From DB
12 |2024-04-19 18:27:31.4763 |DEBUG |Data Layer |DataLayer.DepartmentDB.GetAll |Fetched Record From DB count - 5
7 |2024-04-19 18:28:03.0044 |DEBUG |Tasl1 |Task1.Pages.EmployeeNTier.ListModel.OnGet |Calling List on get method
7 |2024-04-19 18:28:03.0044 |DEBUG |Service Layer |ServiceLayer.EmployeeManager.GetAll |Fetching all record
7 |2024-04-19 18:28:03.0044 |DEBUG |Data Layer |DataLayer.EmployeeDB.GetAll |Fetching Record From DB
7 |2024-04-19 18:28:03.0623 |DEBUG |Data Layer |DataLayer.EmployeeDB.GetAll |Fetched Record From DB count - 3
7 |2024-04-19 18:28:03.0623 |DEBUG |Service Layer |ServiceLayer.EmployeeManager.GetAll |Fetched all record
7 |2024-04-19 18:28:03.0623 |DEBUG |Tasl1 |Task1.Pages.EmployeeNTier.ListModel.OnGet |List Page on get method completed
12 |2024-04-19 18:28:04.9167 |DEBUG |Data Layer |DataLayer.DepartmentDB.GetAll |Fetching Record From DB
12 |2024-04-19 18:28:04.9620 |DEBUG |Data Layer |DataLayer.DepartmentDB.GetAll |Fetched Record From DB count - 5
21 |2024-04-19 18:29:49.8597 |DEBUG |Data Layer |DataLayer.DepartmentDB.GetAll |Fetching Record From DB
21 |2024-04-19 18:29:49.8886 |DEBUG |Data Layer |DataLayer.DepartmentDB.GetAll |Fetched Record From DB count - 5
